[2025-09-22T13:24:31Z INFO nomos] Logger initialized
[2025-09-24T15:18:17Z INFO nomos] Logger initialized
[2025-09-24T15:28:07Z INFO nomos] Logger initialized
[2025-09-24T15:28:19Z INFO nomos] Logger initialized
[2025-09-24T15:29:07Z INFO nomos] Logger initialized
[2025-09-24T15:29:18Z INFO nomos] Logger initialized
[2025-09-24T15:39:56Z INFO nomos] Logger initialized
[2025-09-24T15:45:40Z INFO nomos] Logger initialized
[2025-09-24T15:45:49Z INFO nomos] Logger initialized
[2025-09-24T15:46:01Z INFO nomos] Logger initialized
[2025-09-24T15:47:07Z INFO nomos] Logger initialized
[2025-09-24T17:35:14Z INFO nomos] Logger initialized
[2025-09-24T17:35:24Z INFO nomos] Logger initialized
[2025-09-24T17:35:58Z INFO nomos] Logger initialized
[2025-09-24T17:36:56Z INFO nomos] Logger initialized
[2025-09-24T17:37:07Z INFO nomos] Logger initialized
[2025-09-24T17:37:29Z INFO nomos] Logger initialized
[2025-09-24T17:37:34Z INFO nomos] Logger initialized
[2025-09-24T17:37:48Z INFO nomos] Logger initialized
[2025-09-24T17:37:53Z INFO nomos] Logger initialized
[2025-09-24T17:38:19Z INFO nomos] Logger initialized
[2025-09-24T17:40:31Z INFO nomos] Logger initialized
[2025-09-24T17:42:20Z INFO nomos] Logger initialized
[2025-09-24T17:42:31Z INFO nomos] Logger initialized
[2025-09-24T17:42:41Z INFO nomos] Logger initialized
[2025-09-24T17:42:53Z INFO nomos] Logger initialized
[2025-09-24T17:46:43Z INFO nomos] Logger initialized
[2025-09-24T18:27:23Z INFO nomos] Logger initialized
[2025-09-24T18:27:50Z INFO nomos] Logger initialized
[2025-09-24T18:28:06Z INFO nomos] Logger initialized
[2025-09-24T18:30:33Z INFO nomos] Logger initialized
[2025-09-24T18:30:54Z INFO nomos] Logger initialized
[2025-09-24T18:31:00Z INFO nomos] Logger initialized
[2025-09-24T18:34:09Z INFO nomos] Logger initialized
[2025-09-24T18:34:35Z INFO nomos] Logger initialized
[2025-09-24T18:35:08Z INFO nomos] Logger initialized
[2025-09-24T18:35:15Z INFO nomos] Logger initialized
[2025-09-24T18:37:36Z INFO nomos] Logger initialized
[2025-09-24T18:37:47Z INFO nomos] Logger initialized
[2025-09-24T18:38:07Z INFO nomos] Logger initialized
[2025-09-24T18:39:11Z INFO nomos] Logger initialized
[2025-09-24T18:40:20Z INFO nomos] Logger initialized
[2025-09-24T18:44:44Z INFO nomos] Logger initialized
[2025-09-24T18:45:15Z INFO nomos] Logger initialized
[2025-09-24T18:45:51Z INFO nomos] Logger initialized
[2025-09-24T18:46:28Z INFO nomos] Logger initialized
[2025-09-24T18:46:53Z INFO nomos] Logger initialized
[2025-09-24T18:48:33Z INFO nomos] Logger initialized
[2025-09-24T18:48:53Z INFO nomos] Logger initialized
[2025-09-24T18:49:01Z INFO nomos] Logger initialized
[2025-09-24T18:49:19Z INFO nomos] Logger initialized
[2025-09-24T18:55:12Z INFO nomos] Logger initialized
[2025-09-24T18:55:20Z INFO nomos] Logger initialized
[2025-09-24T18:55:29Z INFO nomos] Logger initialized
[2025-09-24T18:56:07Z INFO nomos] Logger initialized
[2025-09-24T19:01:50Z INFO nomos] Logger initialized
[2025-09-24T19:02:36Z INFO nomos] Logger initialized
[2025-09-24T19:03:21Z INFO nomos] Logger initialized
[2025-09-24T19:03:34Z INFO nomos] Logger initialized
[2025-09-24T19:07:39Z INFO nomos] Logger initialized
[2025-09-24T19:07:51Z INFO nomos] Logger initialized
[2025-09-24T19:08:03Z INFO nomos] Logger initialized
[2025-09-24T19:08:18Z INFO nomos] Logger initialized
[2025-09-24T19:09:08Z INFO nomos] Logger initialized
[2025-09-24T19:09:55Z INFO nomos] Logger initialized
[2025-09-24T19:10:02Z INFO nomos] Logger initialized
[2025-09-24T19:10:13Z INFO nomos] Logger initialized
[2025-09-24T19:12:02Z INFO nomos] Logger initialized
[2025-09-24T19:12:11Z INFO nomos] Logger initialized
[2025-09-24T19:13:57Z INFO nomos] Logger initialized
[2025-09-24T19:13:57Z DEBUG nomos::parser] Parsed atomic pattern: Spanned { item: 0, span: Span { source: "<< test >>", range: 5..8 } }
[2025-09-24T19:13:57Z DEBUG nomos::parser] Parsed atomic pattern: Spanned { item: As { pattern: Spanned { item: 0, span: Span { source: "<< test >>", range: 5..8 } }, name: Spanned { item: "x", span: Span { source: "<< test >>", range: 3..4 } } }, span: Span { source: "<< test >>", range: 0..8 } }
[2025-09-24T19:13:57Z DEBUG nomos::parser] Parsed atomic pattern: Spanned { item: 0, span: Span { source: "<< test >>", range: 5..8 } }
[2025-09-24T19:14:39Z INFO nomos] Logger initialized
[2025-09-24T19:14:39Z DEBUG nomos::parser] Parsed atomic pattern: Spanned { item: 0, span: Span { source: "<< test >>", range: 5..8 } }
[2025-09-24T19:14:39Z DEBUG nomos::parser] Current lexer state: {"source": "fn x @ 0 if x", "extras": "<< test >>"}
[2025-09-24T19:14:39Z DEBUG nomos::parser] Parsed atomic pattern: Spanned { item: As { pattern: Spanned { item: 0, span: Span { source: "<< test >>", range: 5..8 } }, name: Spanned { item: "x", span: Span { source: "<< test >>", range: 3..4 } } }, span: Span { source: "<< test >>", range: 0..8 } }
[2025-09-24T19:14:39Z DEBUG nomos::parser] Current lexer state: {"source": "fn x @ 0 if x", "extras": "<< test >>"}
[2025-09-24T19:14:39Z DEBUG nomos::parser] Parsed atomic pattern: Spanned { item: 0, span: Span { source: "<< test >>", range: 5..8 } }
[2025-09-24T19:14:39Z DEBUG nomos::parser] Current lexer state: {"source": "fn x @ 0 if x", "extras": "<< test >>"}
[2025-09-24T19:15:12Z INFO nomos] Logger initialized
[2025-09-24T19:15:12Z DEBUG nomos::parser] Parsed atomic pattern: Spanned { item: 0, span: Span { source: "<< test >>", range: 5..8 } }
[2025-09-24T19:15:12Z DEBUG nomos::parser] Current lexer state: " if x"
[2025-09-24T19:15:12Z DEBUG nomos::parser] Parsed atomic pattern: Spanned { item: As { pattern: Spanned { item: 0, span: Span { source: "<< test >>", range: 5..8 } }, name: Spanned { item: "x", span: Span { source: "<< test >>", range: 3..4 } } }, span: Span { source: "<< test >>", range: 0..8 } }
[2025-09-24T19:15:12Z DEBUG nomos::parser] Current lexer state: " if x"
[2025-09-24T19:15:12Z DEBUG nomos::parser] Parsed atomic pattern: Spanned { item: 0, span: Span { source: "<< test >>", range: 5..8 } }
[2025-09-24T19:15:12Z DEBUG nomos::parser] Current lexer state: " if x"
[2025-09-24T19:15:34Z INFO nomos] Logger initialized
[2025-09-24T19:15:34Z DEBUG nomos::parser] Parsed atomic pattern: Spanned { item: 0, span: Span { source: "<< test >>", range: 5..8 } }
[2025-09-24T19:15:34Z DEBUG nomos::parser] Current lexer state: " if x"
[2025-09-24T19:15:34Z DEBUG nomos::parser] Parsed pattern: Spanned { item: 0, span: Span { source: "<< test >>", range: 5..8 } }
[2025-09-24T19:15:34Z DEBUG nomos::parser] Current lexer state: " x"
[2025-09-24T19:15:34Z DEBUG nomos::parser] Parsed atomic pattern: Spanned { item: As { pattern: Spanned { item: 0, span: Span { source: "<< test >>", range: 5..8 } }, name: Spanned { item: "x", span: Span { source: "<< test >>", range: 3..4 } } }, span: Span { source: "<< test >>", range: 0..8 } }
[2025-09-24T19:15:34Z DEBUG nomos::parser] Current lexer state: " if x"
[2025-09-24T19:15:34Z DEBUG nomos::parser] Parsed pattern: Spanned { item: As { pattern: Spanned { item: 0, span: Span { source: "<< test >>", range: 5..8 } }, name: Spanned { item: "x", span: Span { source: "<< test >>", range: 3..4 } } }, span: Span { source: "<< test >>", range: 0..8 } }
[2025-09-24T19:15:34Z DEBUG nomos::parser] Current lexer state: " x"
[2025-09-24T19:15:34Z DEBUG nomos::parser] Parsed atomic pattern: Spanned { item: 0, span: Span { source: "<< test >>", range: 5..8 } }
[2025-09-24T19:15:34Z DEBUG nomos::parser] Current lexer state: " if x"
[2025-09-24T19:15:34Z DEBUG nomos::parser] Parsed pattern: Spanned { item: 0, span: Span { source: "<< test >>", range: 5..8 } }
[2025-09-24T19:15:34Z DEBUG nomos::parser] Current lexer state: " x"
[2025-09-24T19:15:49Z INFO nomos] Logger initialized
[2025-09-24T19:17:56Z INFO nomos] Logger initialized
[2025-09-24T19:18:18Z INFO nomos] Logger initialized
[2025-09-24T19:19:25Z INFO nomos] Logger initialized
[2025-09-24T19:19:36Z INFO nomos] Logger initialized
[2025-09-24T19:19:54Z INFO nomos] Logger initialized
[2025-09-24T19:23:22Z INFO nomos] Logger initialized
[2025-09-24T19:24:00Z INFO nomos] Logger initialized
[2025-09-24T19:24:05Z INFO nomos] Logger initialized
[2025-09-24T19:24:12Z INFO nomos] Logger initialized
[2025-09-24T19:24:26Z INFO nomos] Logger initialized
[2025-09-24T19:25:01Z INFO nomos] Logger initialized
[2025-09-25T14:48:42Z INFO nomos] Logger initialized
[2025-09-25T14:48:52Z INFO nomos] Logger initialized
[2025-09-25T14:56:24Z INFO nomos] Logger initialized
[2025-09-25T14:57:21Z INFO nomos] Logger initialized
[2025-09-25T14:57:29Z INFO nomos] Logger initialized
[2025-09-25T15:00:55Z INFO nomos] Logger initialized
